<?xml version="1.0" encoding="UTF-8"?>
<!-- Generated by org.testng.reporters.JUnitReportReporter -->
<testsuite hostname="Mitesh" failures="0" tests="1" name="testCases.TC001_AccountRegistrationTest" time="1.844" errors="0" timestamp="2024-09-29T11:16:38 IST" skipped="0">
  <testcase classname="testCases.TC001_AccountRegistrationTest" name="verify_account_registration" time="1.844"/>
</testsuite> <!-- testCases.TC001_AccountRegistrationTest -->
