<?xml version="1.0" encoding="UTF-8"?>
<!-- Generated by org.testng.reporters.JUnitReportReporter -->
<testsuite hostname="Mitesh" failures="0" tests="1" name="testCases.TC004_SearchProductTest" time="0.770" errors="0" timestamp="2024-09-29T13:01:08 IST" skipped="0">
  <testcase classname="testCases.TC004_SearchProductTest" name="verify_productsearch" time="0.770"/>
</testsuite> <!-- testCases.TC004_SearchProductTest -->
