<?xml version="1.0" encoding="UTF-8"?>
<!-- Generated by org.testng.reporters.JUnitReportReporter -->
<testsuite hostname="Mitesh" failures="0" tests="1" name="testCases.TC002_LoginTest" time="1.310" errors="0" timestamp="2024-09-29T11:16:38 IST" skipped="0">
  <testcase classname="testCases.TC002_LoginTest" name="verify_Login" time="1.310"/>
</testsuite> <!-- testCases.TC002_LoginTest -->
