<?xml version="1.0" encoding="UTF-8"?>
<!-- Generated by org.testng.reporters.JUnitReportReporter -->
<testsuite hostname="Mitesh" failures="0" tests="1" name="testCases.TC005_AddToCartPageTest" time="1.173" errors="0" timestamp="2024-10-29T16:48:14 IST" skipped="0">
  <testcase classname="testCases.TC005_AddToCartPageTest" name="verify_addToCart" time="1.173"/>
</testsuite> <!-- testCases.TC005_AddToCartPageTest -->
