<?xml version="1.0" encoding="UTF-8"?>
<!-- Generated by org.testng.reporters.JUnitReportReporter -->
<testsuite hostname="Mitesh" failures="0" tests="1" name="testCases.TC005_AddToCartPageTest" time="1.675" errors="0" timestamp="2024-09-29T15:46:54 IST" skipped="0">
  <testcase classname="testCases.TC005_AddToCartPageTest" name="verify_addToCart" time="1.675"/>
</testsuite> <!-- testCases.TC005_AddToCartPageTest -->
