<?xml version="1.0" encoding="UTF-8"?>
<!-- Generated by org.testng.reporters.JUnitReportReporter -->
<testsuite hostname="Mitesh" failures="0" tests="1" name="testCases.TC002_LoginTest" time="1.514" errors="0" timestamp="2024-10-29T18:24:00 IST" skipped="0">
  <testcase classname="testCases.TC002_LoginTest" name="verify_Login" time="1.514"/>
</testsuite> <!-- testCases.TC002_LoginTest -->
