<?xml version="1.0" encoding="UTF-8"?>
<!-- Generated by org.testng.reporters.JUnitReportReporter -->
<testsuite hostname="Mitesh" failures="0" tests="1" name="testCases.TC001_AccountRegistrationTest" time="1.971" errors="0" timestamp="2024-09-27T15:58:20 IST" skipped="0">
  <testcase classname="testCases.TC001_AccountRegistrationTest" name="verify_account_registration" time="1.971"/>
</testsuite> <!-- testCases.TC001_AccountRegistrationTest -->
